make all --print-data-base --no-builtin-variables --no-builtin-rules --question
# GNU Make 4.2.1
# Built for x86_64-pc-linux-gnu
# Copyright (C) 1988-2016 Free Software Foundation, Inc.
# License GPLv3+: GNU GPL version 3 or later <http://gnu.org/licenses/gpl.html>
# This is free software: you are free to change and redistribute it.
# There is NO WARRANTY, to the extent permitted by law.

# Make data base, printed on Mon Aug 30 10:05:32 2021

# Variables

# 'override' directive
GNUMAKEFLAGS := 
# automatic
<D = $(patsubst %/,%,$(dir $<))
# automatic
?F = $(notdir $?)
# environment
DESKTOP_SESSION = ubuntu
# default
.SHELLFLAGS := -c
# makefile (from 'Makefile', line 15)
DASM = objdump
# environment
XDG_SESSION_CLASS = user
# environment
SNAP_COMMON = /var/snap/code/common
# environment
XDG_SESSION_TYPE = x11
# environment
VSCODE_LOG_NATIVE = false
# automatic
?D = $(patsubst %/,%,$(dir $?))
# environment
IM_CONFIG_PHASE = 1
# automatic
@D = $(patsubst %/,%,$(dir $@))
# environment
XAUTHORITY = /run/user/1000/gdm/Xauthority
# environment
GDMSESSION = ubuntu
# environment
XMODIFIERS = @im=ibus
# makefile
CURDIR := /home/ubuntu/Documents/unknownOS
# makefile
SHELL = /bin/sh
# environment
SNAP_DATA = /var/snap/code/72
# environment
VSCODE_NLS_CONFIG = {"locale":"zh-cn","availableLanguages":{},"_languagePackSupport":true}
# environment
JOURNAL_STREAM = 8:59303
# makefile (from 'Makefile', line 20)
CFLAGS = -I include/ -I include/sys/ -c -fno-stack-protector -fno-builtin -Wall
# makefile (from 'Makefile', line 27)
ORANGESKERNEL = kernel.bin
# makefile (from 'Makefile', line 19)
ASMKFLAGS = -I include/ -I include/sys/ -f elf
# environment
XDG_CONFIG_DIRS = /etc/xdg/xdg-ubuntu:/etc/xdg
# environment
SNAP_INSTANCE_NAME = code
# environment
SNAP_ARCH = amd64
# makefile (from 'Makefile', line 1)
MAKEFILE_LIST :=  Makefile
# automatic
@F = $(notdir $@)
# environment
GIO_LAUNCHED_DESKTOP_FILE = /var/lib/snapd/desktop/applications/code_code.desktop
# environment
USERNAME = ubuntu
# makefile (from 'Makefile', line 11)
ENTRYOFFSET = 0x400
# environment
XDG_DATA_DIRS = /usr/share/ubuntu:/usr/local/share/:/usr/share/:/var/lib/snapd/desktop
# environment
DBUS_SESSION_BUS_ADDRESS = unix:path=/run/user/1000/bus
# environment
VSCODE_VERBOSE_LOGGING = true
# environment
_ = /snap/code/72/usr/share/code/code
# makefile (from 'Makefile', line 28)
OBJS = kernel/kernel.o lib/syscall.o kernel/start.o kernel/main.o kernel/clock.o kernel/keyboard.o kernel/tty.o kernel/console.o kernel/i8259.o kernel/global.o kernel/protect.o kernel/proc.o kernel/systask.o kernel/hd.o lib/printf.o lib/vsprintf.o lib/kliba.o lib/klib.o lib/string.o lib/misc.o lib/open.o lib/read.o lib/write.o lib/close.o lib/unlink.o lib/getpid.o lib/syslog.o fs/main.o fs/open.o fs/misc.o fs/read_write.o fs/link.o fs/disklog.o
# environment
MANAGERPID = 1528
# environment
LESSOPEN = | /usr/bin/lesspipe %s
# environment
VSCODE_CWD = /home/ubuntu
# environment
GSETTINGS_SCHEMA_DIR = /snap/code/72/usr/share/glib-2.0/schemas
# default
MAKE_HOST := x86_64-pc-linux-gnu
# environment
PATH = /usr/local/sbin:/usr/local/bin:/usr/sbin:/usr/bin:/sbin:/bin:/usr/games:/usr/local/games:/snap/bin
# makefile (from 'Makefile', line 17)
LD = ld -m elf_i386
# environment
GPG_AGENT_INFO = /run/user/1000/gnupg/S.gpg-agent:0:1
# environment
SESSION_MANAGER = local/ubuntu:@/tmp/.ICE-unix/1742,unix/ubuntu:/tmp/.ICE-unix/1742
# environment
XDG_RUNTIME_DIR = /run/user/1000
# environment
GDK_PIXBUF_MODULE_FILE = /home/ubuntu/snap/code/common/.cache/gdk-pixbuf-loaders.cache
# environment
SNAP = /snap/code/72
# environment
SNAP_VERSION = 3866c355
# environment
XDG_MENU_PREFIX = gnome-
# environment
VSCODE_LOG_STACK = false
# environment
DISABLE_WAYLAND = 1
# environment
VSCODE_CRASH_REPORTER_START_OPTIONS = {"companyName":"Microsoft","productName":"VSCode","submitURL":"appcenter://code?aid=fba07a4d-84bd-4fc8-a125-9640fc8ce171&uid=8b45db81-b202-4095-9fa2-c7330275395f&iid=8b45db81-b202-4095-9fa2-c7330275395f&sid=8b45db81-b202-4095-9fa2-c7330275395f","uploadToServer":true}
# environment
INVOCATION_ID = 2a6cd74f5dba443d9368492530e28670
# makefile (from 'Makefile', line 22)
LDFLAGS = -Ttext $(ENTRYPOINT) -Map krnl.map
# environment
GDK_PIXBUF_MODULEDIR = /snap/code/72/usr/lib/x86_64-linux-gnu/gdk-pixbuf-2.0/2.10.0/loaders
# default
.FEATURES := target-specific order-only second-expansion else-if shortest-stem undefine oneshell archives jobserver output-sync check-symlink load
# makefile (from 'Makefile', line 23)
DASMFLAGS = -D
# environment
LS_COLORS = 
# environment
XDG_SESSION_DESKTOP = ubuntu
# environment
SSH_AUTH_SOCK = /run/user/1000/keyring/ssh
# environment
GIO_LAUNCHED_DESKTOP_FILE_PID = 3169
# automatic
%F = $(notdir $%)
# environment
DISPLAY = :0
# environment
VSCODE_PIPE_LOGGING = true
# environment
SNAP_INSTANCE_KEY = 
# environment
PWD = /home/ubuntu/Documents/unknownOS
# makefile (from 'Makefile', line 39)
DASMOUTPUT = kernel.bin.asm
# makefile (from 'Makefile', line 7)
ENTRYPOINT = 0x1000
# default
.LOADED := 
# environment
SSH_AGENT_PID = 1708
# environment
ORIGINAL_XDG_CURRENT_DESKTOP = ubuntu:GNOME
# environment
GTK_MODULES = gail:atk-bridge
# environment
VSCODE_AMD_ENTRYPOINT = vs/workbench/services/extensions/node/extensionHostProcess
# environment
HOME = /home/ubuntu
# environment
LESSCLOSE = /usr/bin/lesspipe %s %s
# environment
VSCODE_CLI = 1
# environment
VSCODE_CODE_CACHE_PATH = /home/ubuntu/.config/Code/CachedData/3866c3553be8b268c8a7f8c0482c0c0177aa8bfa
# environment
LOGNAME = ubuntu
# environment
APPLICATION_INSIGHTS_NO_DIAGNOSTIC_CHANNEL = true
# environment
SNAP_LIBRARY_PATH = /var/lib/snapd/lib/gl:/var/lib/snapd/lib/gl32:/var/lib/snapd/void
# environment
SNAP_CONTEXT = _ZHkE6JykvA0zJgDR5SGoOjWlVkkNlTQLFPX8VJtxTvmQdr6jZ91
# environment
ELECTRON_NO_ATTACH_CONSOLE = 1
# environment
SNAP_USER_COMMON = /home/ubuntu/snap/code/common
# environment
VSCODE_HANDLES_UNCAUGHT_ERRORS = true
# environment
GNOME_DESKTOP_SESSION_ID = this-is-deprecated
# automatic
^D = $(patsubst %/,%,$(dir $^))
# environment
MAKELEVEL := 0
# environment
SNAP_REAL_HOME = /home/ubuntu
# default
MAKE = $(MAKE_COMMAND)
# default
MAKECMDGOALS := all
# environment
QT_IM_MODULE = ibus
# environment
SNAP_USER_DATA = /home/ubuntu/snap/code/72
# environment
SHLVL = 0
# makefile (from 'Makefile', line 14)
ASM = nasm
# makefile (from 'Makefile', line 16)
CC = gcc -m32
# environment
GNOME_SHELL_SESSION_MODE = ubuntu
# environment
VSCODE_IPC_HOOK_EXTHOST = /run/user/1000/vscode-ipc-09adc8d9-ae1f-46af-a460-a8d7ec4c28d2.sock
# default
MAKE_VERSION := 4.2.1
# environment
USER = ubuntu
# environment
SNAP_REVISION = 72
# makefile
.DEFAULT_GOAL := nop
# makefile (from 'Makefile', line 26)
ORANGESBOOT = boot/boot.bin boot/loader.bin
# environment
XDG_CURRENT_DESKTOP = Unity
# automatic
%D = $(patsubst %/,%,$(dir $%))
# default
MAKE_COMMAND := make
# default
.VARIABLES := 
# automatic
*F = $(notdir $*)
# environment
VSCODE_IPC_HOOK = /run/user/1000/vscode-9415da10-1.59.1-main.sock
# environment
BAMF_DESKTOP_FILE_HINT = /var/lib/snapd/desktop/applications/code_code.desktop
# makefile
MAKEFLAGS = pqrR
# environment
MFLAGS = -pqrR
# automatic
*D = $(patsubst %/,%,$(dir $*))
# environment
BREAKPAD_DUMP_LOCATION = /home/ubuntu/.config/Code/exthost Crash Reports
# automatic
+D = $(patsubst %/,%,$(dir $+))
# environment
GDK_BACKEND = x11
# automatic
+F = $(notdir $+)
# environment
QT_ACCESSIBILITY = 1
# default
MAKEFILES := 
# environment
SNAP_COOKIE = _ZHkE6JykvA0zJgDR5SGoOjWlVkkNlTQLFPX8VJtxTvmQdr6jZ91
# environment
VSCODE_BROWSER_CODE_LOADING = bypassHeatCheck
# automatic
<F = $(notdir $<)
# environment
ELECTRON_RUN_AS_NODE = 1
# environment
SNAP_NAME = code
# makefile (from 'Makefile', line 18)
ASMBFLAGS = -I boot/include/
# environment
LC_ALL = C
# environment
GJS_DEBUG_TOPICS = JS ERROR;JS LOG
# automatic
^F = $(notdir $^)
# default
SUFFIXES := 
# environment
SNAP_REEXEC = 
# environment
CHROME_DESKTOP = code-url-handler.desktop
# environment
WINDOWPATH = 2
# default
 
.INCLUDE_DIRS = /usr/include /usr/local/include /usr/include
# environment
GJS_DEBUG_OUTPUT = stderr
# default
.RECIPEPREFIX := 
# environment
LANG = C
# environment
VSCODE_PID = 3211
# variable set hash-table stats:
# Load=138/1024=13%, Rehash=0, Collisions=23/173=13%

# Pattern-specific Variable Values

# No pattern-specific variable values.

# Directories

# . (device 2053, inode 925443): 23 files, no impossibilities.

# 23 files, no impossibilities in 1 directories.

# Implicit Rules

# No implicit rules.

# Files

# Not a target:
kernel/hd.c:
#  Implicit rule search has not been done.
#  Modification time never checked.
#  File has not been updated.

# Not a target:
lib/misc.c:
#  Implicit rule search has not been done.
#  Modification time never checked.
#  File has not been updated.

all: realclean everything
#  Phony target (prerequisite of .PHONY).
#  Command line target.
#  Implicit rule search has not been done.
#  File does not exist.
#  File has been updated.
#  Needs to be updated (-q is set).
# variable set hash-table stats:
# Load=0/32=0%, Rehash=0, Collisions=0/6=0%

# Not a target:
boot/include/load.inc:
#  Implicit rule search has not been done.
#  Modification time never checked.
#  File has not been updated.

lib/kliba.o: lib/kliba.asm
#  Implicit rule search has not been done.
#  Modification time never checked.
#  File has not been updated.
#  recipe to execute (from 'Makefile', line 135):
	$(ASM) $(ASMKFLAGS) -o $@ $<

lib/write.o: lib/write.c
#  Implicit rule search has not been done.
#  Modification time never checked.
#  File has not been updated.
#  recipe to execute (from 'Makefile', line 147):
	$(CC) $(CFLAGS) -o $@ $<

lib/open.o: lib/open.c
#  Implicit rule search has not been done.
#  Modification time never checked.
#  File has not been updated.
#  recipe to execute (from 'Makefile', line 141):
	$(CC) $(CFLAGS) -o $@ $<

.PHONY: everything final image clean realclean disasm all buildimg
#  Implicit rule search has not been done.
#  Modification time never checked.
#  File has not been updated.

everything: boot/boot.bin boot/loader.bin kernel.bin
#  Phony target (prerequisite of .PHONY).
#  Implicit rule search has not been done.
#  File does not exist.
#  File has not been updated.

# Not a target:
kernel/tty.c:
#  Implicit rule search has not been done.
#  Modification time never checked.
#  File has not been updated.

# Not a target:
kernel/start.c:
#  Implicit rule search has not been done.
#  Modification time never checked.
#  File has not been updated.

lib/string.o: lib/string.asm
#  Implicit rule search has not been done.
#  Modification time never checked.
#  File has not been updated.
#  recipe to execute (from 'Makefile', line 138):
	$(ASM) $(ASMKFLAGS) -o $@ $<

lib/syslog.o: lib/syslog.c
#  Implicit rule search has not been done.
#  Modification time never checked.
#  File has not been updated.
#  recipe to execute (from 'Makefile', line 159):
	$(CC) $(CFLAGS) -o $@ $<

nop:
#  Implicit rule search has not been done.
#  Modification time never checked.
#  File has not been updated.
#  recipe to execute (from 'Makefile', line 46):
	@echo "why not \`make image' huh? :)"

# Not a target:
kernel/systask.c:
#  Implicit rule search has not been done.
#  Modification time never checked.
#  File has not been updated.

# Not a target:
kernel/console.c:
#  Implicit rule search has not been done.
#  Modification time never checked.
#  File has not been updated.

# Not a target:
lib/vsprintf.c:
#  Implicit rule search has not been done.
#  Modification time never checked.
#  File has not been updated.

# Not a target:
fs/link.c:
#  Implicit rule search has not been done.
#  Modification time never checked.
#  File has not been updated.

# Not a target:
.SUFFIXES:
#  Implicit rule search has not been done.
#  Modification time never checked.
#  File has not been updated.

# Not a target:
lib/syscall.asm:
#  Implicit rule search has not been done.
#  Modification time never checked.
#  File has not been updated.

boot/loader.bin: boot/loader.asm boot/include/load.inc boot/include/fat12hdr.inc boot/include/pm.inc
#  Implicit rule search has not been done.
#  Modification time never checked.
#  File has not been updated.
#  recipe to execute (from 'Makefile', line 75):
	$(ASM) $(ASMBFLAGS) -o $@ $<

# Not a target:
lib/klib.c:
#  Implicit rule search has not been done.
#  Modification time never checked.
#  File has not been updated.

# Not a target:
Makefile:
#  Implicit rule search has been done.
#  Last modified 2021-07-20 17:42:56.388736
#  File has been updated.
#  Successfully updated.

realclean:
#  Phony target (prerequisite of .PHONY).
#  Implicit rule search has not been done.
#  Implicit/static pattern stem: ''
#  File does not exist.
#  File has been updated.
#  Needs to be updated (-q is set).
# automatic
# @ := realclean
# automatic
# % := 
# automatic
# * := 
# automatic
# + := 
# automatic
# | := 
# automatic
# < := 
# automatic
# ^ := 
# automatic
# ? := 
# variable set hash-table stats:
# Load=8/32=25%, Rehash=0, Collisions=2/14=14%
#  recipe to execute (from 'Makefile', line 58):
	rm -f $(OBJS) $(ORANGESBOOT) $(ORANGESKERNEL)

# Not a target:
lib/getpid.c:
#  Implicit rule search has not been done.
#  Modification time never checked.
#  File has not been updated.

# Not a target:
kernel/kernel.asm:
#  Implicit rule search has not been done.
#  Modification time never checked.
#  File has not been updated.

kernel/i8259.o: kernel/i8259.c
#  Implicit rule search has not been done.
#  Modification time never checked.
#  File has not been updated.
#  recipe to execute (from 'Makefile', line 105):
	$(CC) $(CFLAGS) -o $@ $<

# Not a target:
fs/read_write.c:
#  Implicit rule search has not been done.
#  Modification time never checked.
#  File has not been updated.

# Not a target:
lib/printf.c:
#  Implicit rule search has not been done.
#  Modification time never checked.
#  File has not been updated.

final:
#  Phony target (prerequisite of .PHONY).
#  Implicit rule search has not been done.
#  File does not exist.
#  File has not been updated.

# Not a target:
kernel/keyboard.c:
#  Implicit rule search has not been done.
#  Modification time never checked.
#  File has not been updated.

fs/disklog.o: fs/disklog.c
#  Implicit rule search has not been done.
#  Modification time never checked.
#  File has not been updated.
#  recipe to execute (from 'Makefile', line 174):
	$(CC) $(CFLAGS) -o $@ $<

# Not a target:
kernel/main.c:
#  Implicit rule search has not been done.
#  Modification time never checked.
#  File has not been updated.

lib/close.o: lib/close.c
#  Implicit rule search has not been done.
#  Modification time never checked.
#  File has not been updated.
#  recipe to execute (from 'Makefile', line 150):
	$(CC) $(CFLAGS) -o $@ $<

# Not a target:
lib/read.c:
#  Implicit rule search has not been done.
#  Modification time never checked.
#  File has not been updated.

kernel/protect.o: kernel/protect.c
#  Implicit rule search has not been done.
#  Modification time never checked.
#  File has not been updated.
#  recipe to execute (from 'Makefile', line 111):
	$(CC) $(CFLAGS) -o $@ $<

 
lib/read.o: lib/read.c
#  Implicit rule search has not been done.
#  Modification time never checked.
#  File has not been updated.
#  recipe to execute (from 'Makefile', line 144):
	$(CC) $(CFLAGS) -o $@ $<

lib/syscall.o: lib/syscall.asm
#  Implicit rule search has not been done.
#  Modification time never checked.
#  File has not been updated.
#  recipe to execute (from 'Makefile', line 84):
	$(ASM) $(ASMKFLAGS) -o $@ $<

# Not a target:
boot/include/pm.inc:
#  Implicit rule search has not been done.
#  Modification time never checked.
#  File has not been updated.

kernel/kernel.o: kernel/kernel.asm
#  Implicit rule search has not been done.
#  Modification time never checked.
#  File has not been updated.
#  recipe to execute (from 'Makefile', line 81):
	$(ASM) $(ASMKFLAGS) -o $@ $<

kernel.bin: kernel/kernel.o lib/syscall.o kernel/start.o kernel/main.o kernel/clock.o kernel/keyboard.o kernel/tty.o kernel/console.o kernel/i8259.o kernel/global.o kernel/protect.o kernel/proc.o kernel/systask.o kernel/hd.o lib/printf.o lib/vsprintf.o lib/kliba.o lib/klib.o lib/string.o lib/misc.o lib/open.o lib/read.o lib/write.o lib/close.o lib/unlink.o lib/getpid.o lib/syslog.o fs/main.o fs/open.o fs/misc.o fs/read_write.o fs/link.o fs/disklog.o
#  Implicit rule search has not been done.
#  Modification time never checked.
#  File has not been updated.
#  recipe to execute (from 'Makefile', line 78):
	$(LD) $(LDFLAGS) -o $(ORANGESKERNEL) $(OBJS)

# Not a target:
lib/write.c:
#  Implicit rule search has not been done.
#  Modification time never checked.
#  File has not been updated.

# Not a target:
lib/open.c:
#  Implicit rule search has not been done.
#  Modification time never checked.
#  File has not been updated.

# Not a target:
lib/unlink.c:
#  Implicit rule search has not been done.
#  Modification time never checked.
#  File has not been updated.

fs/open.o: fs/open.c
#  Implicit rule search has not been done.
#  Modification time never checked.
#  File has not been updated.
#  recipe to execute (from 'Makefile', line 165):
	$(CC) $(CFLAGS) -o $@ $<

kernel/clock.o: kernel/clock.c
#  Implicit rule search has not been done.
#  Modification time never checked.
#  File has not been updated.
#  recipe to execute (from 'Makefile', line 93):
	$(CC) $(CFLAGS) -o $@ $<

# Not a target:
lib/syslog.c:
#  Implicit rule search has not been done.
#  Modification time never checked.
#  File has not been updated.

# Not a target:
.DEFAULT:
#  Implicit rule search has not been done.
#  Modification time never checked.
#  File has not been updated.

# Not a target:
boot/boot.asm:
#  Implicit rule search has not been done.
#  Modification time never checked.
#  File has not been updated.

fs/main.o: fs/main.c
#  Implicit rule search has not been done.
#  Modification time never checked.
#  File has not been updated.
#  recipe to execute (from 'Makefile', line 162):
	$(CC) $(CFLAGS) -o $@ $<

kernel/proc.o: kernel/proc.c
#  Implicit rule search has not been done.
#  Modification time never checked.
#  File has not been updated.
#  recipe to execute (from 'Makefile', line 114):
	$(CC) $(CFLAGS) -o $@ $<

image: realclean everything clean buildimg
#  Phony target (prerequisite of .PHONY).
#  Implicit rule search has not been done.
#  File does not exist.
#  File has not been updated.

kernel/hd.o: kernel/hd.c
#  Implicit rule search has not been done.
#  Modification time never checked.
#  File has not been updated.
#  recipe to execute (from 'Makefile', line 126):
	$(CC) $(CFLAGS) -o $@ $<

# Not a target:
kernel/i8259.c:
#  Implicit rule search has not been done.
#  Modification time never checked.
#  File has not been updated.

clean:
#  Phony target (prerequisite of .PHONY).
#  Implicit rule search has not been done.
#  File does not exist.
#  File has not been updated.
#  recipe to execute (from 'Makefile', line 55):
	rm -f $(OBJS)

# Not a target:
fs/disklog.c:
#  Implicit rule search has not been done.
#  Modification time never checked.
#  File has not been updated.

# Not a target:
lib/close.c:
#  Implicit rule search has not been done.
#  Modification time never checked.
#  File has not been updated.

# Not a target:
lib/string.asm:
#  Implicit rule search has not been done.
#  Modification time never checked.
#  File has not been updated.

lib/misc.o: lib/misc.c
#  Implicit rule search has not been done.
#  Modification time never checked.
#  File has not been updated.
#  recipe to execute (from 'Makefile', line 132):
	$(CC) $(CFLAGS) -o $@ $<

# Not a target:
fs/misc.o:
#  Implicit rule search has not been done.
#  Modification time never checked.
#  File has not been updated.

kernel/global.o: kernel/global.c
#  Implicit rule search has not been done.
#  Modification time never checked.
#  File has not been updated.
#  recipe to execute (from 'Makefile', line 108):
	$(CC) $(CFLAGS) -o $@ $<

# Not a target:
kernel/protect.c:
#  Implicit rule search has not been done.
#  Modification time never checked.
#  File has not been updated.

kernel/tty.o: kernel/tty.c
#  Implicit rule search has not been done.
#  Modification time never checked.
#  File has not been updated.
#  recipe to execute (from 'Makefile', line 99):
	$(CC) $(CFLAGS) -o $@ $<

kernel/start.o: kernel/start.c
#  Implicit rule search has not been done.
#  Modification time never checked.
#  File has not been updated.
#  recipe to execute (from 'Makefile', line 87):
	$(CC) $(CFLAGS) -o $@ $<

# Not a target:
kernel/global.c:
#  Implicit rule search has not been done.
#  Modification time never checked.
#  File has not been updated.

# Not a target:
fs/open.c:
#  Implicit rule search has not been done.
#  Modification time never checked.
#  File has not been updated.

# Not a target:
kernel/clock.c:
#  Implicit rule search has not been done.
#  Modification time never checked.
#  File has not been updated.

kernel/systask.o: kernel/systask.c
#  Implicit rule search has not been done.
#  Modification time never checked.
#  File has not been updated.
#  recipe to execute (from 'Makefile', line 123):
	$(CC) $(CFLAGS) -o $@ $<

kernel/console.o: kernel/console.c
#  Implicit rule search has not been done.
#  Modification time never checked.
#  File has not been updated.
#  recipe to execute (from 'Makefile', line 102):
	$(CC) $(CFLAGS) -o $@ $<

lib/vsprintf.o: lib/vsprintf.c
#  Implicit rule search has not been done.
#  Modification time never checked.
#  File has not been updated.
#  recipe to execute (from 'Makefile', line 120):
	$(CC) $(CFLAGS) -o $@ $<

# Not a target:
fs/main.c:
#  Implicit rule search has not been done.
#  Modification time never checked.
#  File has not been updated.

fs/link.o: fs/link.c
#  Implicit rule search has not been done.
#  Modification time never checked.
#  File has not been updated.
#  recipe to execute (from 'Makefile', line 171):
	$(CC) $(CFLAGS) -o $@ $<

disasm:
#  Phony target (prerequisite of .PHONY).
#  Implicit rule search has not been done.
#  File does not exist.
#  File has not been updated.
#  recipe to execute (from 'Makefile', line 61):
	$(DASM) $(DASMFLAGS) $(ORANGESKERNEL) > $(DASMOUTPUT)

lib/klib.o: lib/klib.c
#  Implicit rule search has not been done.
#  Modification time never checked.
#  File has not been updated.
#  recipe to execute (from 'Makefile', line 129):
	$(CC) $(CFLAGS) -o $@ $<

boot/boot.bin: boot/boot.asm boot/include/load.inc boot/include/fat12hdr.inc
#  Implicit rule search has not been done.
#  Modification time never checked.
#  File has not been updated.
#  recipe to execute (from 'Makefile', line 72):
	$(ASM) $(ASMBFLAGS) -o $@ $<

# Not a target:
boot/loader.asm:
#  Implicit rule search has not been done.
#  Modification time never checked.
#  File has not been updated.

lib/getpid.o: lib/getpid.c
#  Implicit rule search has not been done.
#  Modification time never checked.
#  File has not been updated.
#  recipe to execute (from 'Makefile', line 156):
	$(CC) $(CFLAGS) -o $@ $<

# Not a target:
boot/include/fat12hdr.inc:
#  Implicit rule search has not been done.
#  Modification time never checked.
#  File has not been updated.

# Not a target:
lib/kliba.asm:
 
#  Implicit rule search has not been done.
#  Modification time never checked.
#  File has not been updated.

fs/read_write.o: fs/read_write.c
#  Implicit rule search has not been done.
#  Modification time never checked.
#  File has not been updated.
#  recipe to execute (from 'Makefile', line 168):
	$(CC) $(CFLAGS) -o $@ $<

lib/printf.o: lib/printf.c
#  Implicit rule search has not been done.
#  Modification time never checked.
#  File has not been updated.
#  recipe to execute (from 'Makefile', line 117):
	$(CC) $(CFLAGS) -o $@ $<

buildimg:
#  Phony target (prerequisite of .PHONY).
#  Implicit rule search has not been done.
#  File does not exist.
#  File has not been updated.
#  recipe to execute (from 'Makefile', line 65):
	dd if=boot/boot.bin of=a.img bs=512 count=1 conv=notrunc
	sudo mount -o loop a.img /home
	sudo cp -fv boot/loader.bin /home
	sudo cp -fv kernel.bin /home
	sudo umount /home

kernel/keyboard.o: kernel/keyboard.c
#  Implicit rule search has not been done.
#  Modification time never checked.
#  File has not been updated.
#  recipe to execute (from 'Makefile', line 96):
	$(CC) $(CFLAGS) -o $@ $<

# Not a target:
kernel/proc.c:
#  Implicit rule search has not been done.
#  Modification time never checked.
#  File has not been updated.

lib/unlink.o: lib/unlink.c
#  Implicit rule search has not been done.
#  Modification time never checked.
#  File has not been updated.
#  recipe to execute (from 'Makefile', line 153):
	$(CC) $(CFLAGS) -o $@ $<

kernel/main.o: kernel/main.c
#  Implicit rule search has not been done.
#  Modification time never checked.
#  File has not been updated.
#  recipe to execute (from 'Makefile', line 90):
	$(CC) $(CFLAGS) -o $@ $<

# files hash-table stats:
# Load=86/1024=8%, Rehash=0, Collisions=19/228=8%
# VPATH Search Paths

# No 'vpath' search paths.

# No general ('VPATH' variable) search path.

# strcache buffers: 1 (0) / strings = 109 / storage = 1350 B / avg = 12 B
# current buf: size = 8162 B / used = 1350 B / count = 109 / avg = 12 B

# strcache performance: lookups = 210 / hit rate = 48%
# hash-table stats:
# Load=109/8192=1%, Rehash=0, Collisions=1/210=0%
# Finished Make data base on Mon Aug 30 10:05:32 2021

 
